 

*****************************************************************************************
 Start time: Sat Apr 17 06:50:06 2021
 
   Number of cores:             96
   Number of rows:              12
   Number of columns:            8
 

*****************************************************************************************
 Loading configuration from: NSide64/TEB.ini
 
                       Data_Folder:   NSide64
                             NSide:   64          
                 Fiducial_FileName:   ModeloDl_PlanckTodos.dat
            Lmax_Covariance_Matrix:   192         
                Lmax_Fisher_Matrix:   192         
                  Type_of_Analysis:   0           
 
                     Maps_FileName:   MapasTQU.fits
                    Number_of_Maps:   1000        
                      Pixel_Window:   1           
                         Beam_FWHM:   131.922678213788   
 
           Intensity_Mask_FileName:   MascaraSateliteN64.fits
             Intensity_Mask_NumMap:   1           
        Polarization_Mask_FileName:   MascaraSateliteN64.fits
          Polarization_Mask_NumMap:   1           
 
                     Kind_of_Noise:   0           
                    Intensity_Noise:  4.548100000000000E-002  
                Polarization_Noise:   4.548100000000000E-002  
                Remove_Noise_Biass:   1           
 
        Matrices_Cyclic_Block_Size:   677         
 Inverse_Covariance_Matrix_Control:   1           
             Show_Memory_Allocated:   1           
               Healpix_Data_Folfer:   /global/homes/j/jdbilbao/Descargas/Healpix_3.70/data/

*****************************************************************************************
  Loading masks
 
   Number of observed pixels in temperature:                                        29009
   Number of observed pixels in polarization:                                       29009
 
  Loading HEALPix Pixel Window
 
  Loading Fiducial Power Spectrum

*****************************************************************************************


  Step 1. Computing the covariance matrix
 
    Computing the blocks of the spherical harmonics matrix                             0s
                                                                                 80.50 GB
     Block YTT done                                                                    2s
     Block YPP done                                                                   11s
 
    Computing blocks of Y S Y^H                                                       11s
                                                                                136.93 GB
     Block TT done                     84 s
     Block TQ done                    156 s
     Block QT done                    157 s
     Block TU done                    230 s
     Block UT done                    231 s
     Block QQ done                    374 s
     Block QU done                    518 s
     Block UQ done                    519 s
     Block UU done                    662 s
 
  Covariance matrix already computed
                                                                                 56.43 GB

*****************************************************************************************


  Step 2. Inverting the covariance matrix                                            662s
                                                                                112.86 GB
 
    Cholesky factorization:      0                                                   811s
    Inversion result:            0                                                  1107s
                                                                                 56.43 GB
    Diagonal product:    1.00000006098529     
    Diagonal sum:        87027.0000000611     
    Matrix size:             87027
 
  Covariance matrix inverted                                                        1109s
                                                                                 56.43 GB

*****************************************************************************************


  Step 3. Computing Yl
 
    Computing the blocks of the spherical harmonics matrix 
                                                                                136.93 GB
     Block YTT done                                                                 1112s
     Block YPP done                                                                 1120s
 
    Loading maps 
                                                                                137.58 GB
    Computing C^-1 Maps                                                             1138s
 
     <m^t C^-1 m>:    87035.3507059245     
     Matrix size:         87027
 
    Computing Yl                                                                    1147s
                                                                                139.25 GB
    Maps transformed to harmonis space
 
  Yl-Auto already computed                                                          1195s
                                                                                136.93 GB

*****************************************************************************************


  Step 4. Computing product C^-1 Y
 
   Moving from matrix C^-1 to blocks of the matrix C^-1                             1195s
                                                                                162.47 GB
    TT
    TQ
    TU
    QQ
    QU
    UU
 
   Matrix C^-1 moved to blocks                                                      1198s
                                                                                106.04 GB
   Computing blocks of the product C^-1 Y
 
    Real part                                                                       1198s
                                                                                178.49 GB
     TT                   1238 s
     TE                   1302 s
     TB                   1365 s
     QT                   1397 s
     QE                   1469 s
     QB                   1541 s
     UT                   1573 s
     UE                   1645 s
     UB                   1717 s
 
    Imaginary part                                                                  1717s
                                                                                210.69 GB
     TT                   1757 s
     TE                   1821 s
     TB                   1884 s
     QT                   1916 s
     QE                   1988 s
     QB                   2060 s
     UT                   2092 s
     UE                   2164 s
     UB                   2236 s
 
  Blocks of product C^-1 Y already computed                                         2236s
                                                                                144.90 GB

*****************************************************************************************


  Step 5. Computing Bl                                                              2236s
 
  Bl already computed
 

*****************************************************************************************


  Step 6. Computing the Fisher matrix
 
   Moving blocks of C^-1 Y to complex form                                          2240s
 
   Computing blocks of the harmonic matrix in complex form
   and multiplications Y^H (C^-1 Y)
 
    Computing block TT of Y in complex form                                         2241s
    Computing blocks TT, TE and TB of Y^H C^-1 Y                                    2244s
                                                                                190.81 GB
    TT                   2373 s
    TE                   2503 s
    TB                   2632 s
 
    Computing blocks QE, QB, UE y UB of Y in complex form                           2632s
    Computing blocks EE, BB and EB of Y^H C^-1 Y                                    2641s
                                                                                252.82 GB
    EE                   2900 s
    BB                   3159 s
    EB                   3419 s
                                                                                124.02 GB
 
   Moving blocks to real and imaginary part                                         3419s
 
   Building transposed blocks                                                       3421s
 
   Computing blocks of the Fisher matrix
 
    TTTT 
    EEEE
    BBBB
    TTEE
    TTBB
    EEBB
    TTTE
    TTTB
    TTEB
    EETE
    EETB
    EEEB
    BBTE
    BBTB
    BBEB
    TETE
    TETB
    TEEB
    TBTB
    TBEB
    EBEB
 
    Blocks of the Fisher matrix already computed                   3433 s
 
    Saving the Fisher matrix
 
  Fisher matrix already computed                                                    3473s
                                                                                 10.16 KB


*****************************************************************************************
 Computing the power spectrum
 
  Loading Fisher matrix
  Inverting Fisher matrix
  Cholesky factorization:            0
  Inversion result:                  0
  Loading Bl
  Loading YlTotal
  Computing Dl
  Saving Dl
 
 Elapsed time:                   3507
 End: Sat Apr 17 07:48:33 2021

*****************************************************************************************
